2025-06-22T09:54:32.360843Z  INFO tailwindcss_oxide::scanner: Provided sources:
2025-06-22T09:54:32.360942Z  INFO tailwindcss_oxide::scanner: Source: PublicSourceEntry { base: "/Users/joseantunes/Desktop/blockchainvisualiser", pattern: "**/*", negated: false }
2025-06-22T09:54:32.361061Z  INFO tailwindcss_oxide::scanner: Optimized sources:
2025-06-22T09:54:32.361076Z  INFO tailwindcss_oxide::scanner: Source: Auto { base: "/Users/joseantunes/Desktop/blockchainvisualiser" }
2025-06-22T09:54:32.363215Z  INFO scan_sources: tailwindcss_oxide::scanner: enter
2025-06-22T09:54:32.364027Z  INFO scan_sources: tailwindcss_oxide::scanner: Discovering "/Users/joseantunes/Desktop/blockchainvisualiser/tailwind.config.js"
2025-06-22T09:54:32.364103Z  INFO scan_sources: tailwindcss_oxide::scanner: Discovering "/Users/joseantunes/Desktop/blockchainvisualiser/postcss.config.mjs"
2025-06-22T09:54:32.364255Z  INFO scan_sources: tailwindcss_oxide::scanner: Discovering "/Users/joseantunes/Desktop/blockchainvisualiser/README.md"
2025-06-22T09:54:32.364311Z  INFO scan_sources: tailwindcss_oxide::scanner: Discovering "/Users/joseantunes/Desktop/blockchainvisualiser/components"
2025-06-22T09:54:32.364368Z  INFO scan_sources: tailwindcss_oxide::scanner: Discovering "/Users/joseantunes/Desktop/blockchainvisualiser/components/NavigationBar.tsx"
2025-06-22T09:54:32.364446Z  INFO scan_sources: tailwindcss_oxide::scanner: Discovering "/Users/joseantunes/Desktop/blockchainvisualiser/public"
2025-06-22T09:54:32.364513Z  INFO scan_sources: tailwindcss_oxide::scanner: Discovering "/Users/joseantunes/Desktop/blockchainvisualiser/public/file.svg"
2025-06-22T09:54:32.364552Z  INFO scan_sources: tailwindcss_oxide::scanner: Discovering "/Users/joseantunes/Desktop/blockchainvisualiser/public/vercel.svg"
2025-06-22T09:54:32.364586Z  INFO scan_sources: tailwindcss_oxide::scanner: Discovering "/Users/joseantunes/Desktop/blockchainvisualiser/public/next.svg"
2025-06-22T09:54:32.364624Z  INFO scan_sources: tailwindcss_oxide::scanner: Discovering "/Users/joseantunes/Desktop/blockchainvisualiser/public/globe.svg"
2025-06-22T09:54:32.364659Z  INFO scan_sources: tailwindcss_oxide::scanner: Discovering "/Users/joseantunes/Desktop/blockchainvisualiser/public/window.svg"
2025-06-22T09:54:32.364718Z  INFO scan_sources: tailwindcss_oxide::scanner: Discovering "/Users/joseantunes/Desktop/blockchainvisualiser/package.json"
2025-06-22T09:54:32.364752Z  INFO scan_sources: tailwindcss_oxide::scanner: Discovering "/Users/joseantunes/Desktop/blockchainvisualiser/tsconfig.json"
2025-06-22T09:54:32.364854Z  INFO scan_sources: tailwindcss_oxide::scanner: Discovering "/Users/joseantunes/Desktop/blockchainvisualiser/eslint.config.mjs"
2025-06-22T09:54:32.364893Z  INFO scan_sources: tailwindcss_oxide::scanner: Discovering "/Users/joseantunes/Desktop/blockchainvisualiser/next.config.ts"
2025-06-22T09:54:32.364943Z  INFO scan_sources: tailwindcss_oxide::scanner: Discovering "/Users/joseantunes/Desktop/blockchainvisualiser/src"
2025-06-22T09:54:32.365017Z  INFO scan_sources: tailwindcss_oxide::scanner: Discovering "/Users/joseantunes/Desktop/blockchainvisualiser/src/app"
2025-06-22T09:54:32.365090Z  INFO scan_sources: tailwindcss_oxide::scanner: Discovering "/Users/joseantunes/Desktop/blockchainvisualiser/src/app/bitcoin"
2025-06-22T09:54:32.365149Z  INFO scan_sources: tailwindcss_oxide::scanner: Discovering "/Users/joseantunes/Desktop/blockchainvisualiser/src/app/bitcoin/page.tsx"
2025-06-22T09:54:32.365194Z  INFO scan_sources: tailwindcss_oxide::scanner: Discovering "/Users/joseantunes/Desktop/blockchainvisualiser/src/app/layout.tsx"
2025-06-22T09:54:32.365224Z  INFO scan_sources: tailwindcss_oxide::scanner: Discovering "/Users/joseantunes/Desktop/blockchainvisualiser/src/app/page.tsx"
2025-06-22T09:54:32.365256Z  INFO scan_sources: tailwindcss_oxide::scanner: Discovering "/Users/joseantunes/Desktop/blockchainvisualiser/src/app/globals.css"
2025-06-22T09:54:32.365312Z  INFO scan_sources: tailwindcss_oxide::scanner: Discovering "/Users/joseantunes/Desktop/blockchainvisualiser/src/app/impact"
2025-06-22T09:54:32.365381Z  INFO scan_sources: tailwindcss_oxide::scanner: Discovering "/Users/joseantunes/Desktop/blockchainvisualiser/src/app/impact/page.tsx"
2025-06-22T09:54:32.365436Z  INFO scan_sources: tailwindcss_oxide::scanner: Discovering "/Users/joseantunes/Desktop/blockchainvisualiser/src/app/ethereum"
2025-06-22T09:54:32.365487Z  INFO scan_sources: tailwindcss_oxide::scanner: Discovering "/Users/joseantunes/Desktop/blockchainvisualiser/src/app/ethereum/page.tsx"
2025-06-22T09:54:32.365550Z  INFO scan_sources: tailwindcss_oxide::scanner: exit
2025-06-22T09:54:32.365564Z  INFO extract_candidates: tailwindcss_oxide::scanner: enter
2025-06-22T09:54:32.365579Z  INFO extract_candidates:read_all_files: tailwindcss_oxide::scanner: enter
2025-06-22T09:54:32.365587Z  INFO extract_candidates:read_all_files: tailwindcss_oxide::scanner: Reading 18 file(s)
2025-06-22T09:54:32.365964Z  INFO tailwindcss_oxide::scanner: Reading "/Users/joseantunes/Desktop/blockchainvisualiser/package.json"
2025-06-22T09:54:32.366196Z  INFO tailwindcss_oxide::scanner: Reading "/Users/joseantunes/Desktop/blockchainvisualiser/tailwind.config.js"
2025-06-22T09:54:32.366243Z  INFO tailwindcss_oxide::scanner: Reading "/Users/joseantunes/Desktop/blockchainvisualiser/README.md"
2025-06-22T09:54:32.366323Z  INFO tailwindcss_oxide::scanner: Reading "/Users/joseantunes/Desktop/blockchainvisualiser/components/NavigationBar.tsx"
2025-06-22T09:54:32.366524Z  INFO tailwindcss_oxide::scanner: Reading "/Users/joseantunes/Desktop/blockchainvisualiser/public/next.svg"
2025-06-22T09:54:32.366763Z  INFO tailwindcss_oxide::scanner: Reading "/Users/joseantunes/Desktop/blockchainvisualiser/src/app/bitcoin/page.tsx"
2025-06-22T09:54:32.366334Z  INFO tailwindcss_oxide::scanner: Reading "/Users/joseantunes/Desktop/blockchainvisualiser/tsconfig.json"
2025-06-22T09:54:32.367084Z  INFO tailwindcss_oxide::scanner: Reading "/Users/joseantunes/Desktop/blockchainvisualiser/public/window.svg"
2025-06-22T09:54:32.366330Z  INFO tailwindcss_oxide::scanner: Reading "/Users/joseantunes/Desktop/blockchainvisualiser/public/file.svg"
2025-06-22T09:54:32.367166Z  INFO tailwindcss_oxide::scanner: Reading "/Users/joseantunes/Desktop/blockchainvisualiser/src/app/page.tsx"
2025-06-22T09:54:32.367083Z  INFO tailwindcss_oxide::scanner: Reading "/Users/joseantunes/Desktop/blockchainvisualiser/eslint.config.mjs"
2025-06-22T09:54:32.367563Z  INFO tailwindcss_oxide::scanner: Reading "/Users/joseantunes/Desktop/blockchainvisualiser/src/app/impact/page.tsx"
2025-06-22T09:54:32.367717Z  INFO tailwindcss_oxide::scanner: Reading "/Users/joseantunes/Desktop/blockchainvisualiser/postcss.config.mjs"
2025-06-22T09:54:32.367759Z  INFO tailwindcss_oxide::scanner: Reading "/Users/joseantunes/Desktop/blockchainvisualiser/public/globe.svg"
2025-06-22T09:54:32.367789Z  INFO tailwindcss_oxide::scanner: Reading "/Users/joseantunes/Desktop/blockchainvisualiser/public/vercel.svg"
2025-06-22T09:54:32.367797Z  INFO tailwindcss_oxide::scanner: Reading "/Users/joseantunes/Desktop/blockchainvisualiser/src/app/layout.tsx"
2025-06-22T09:54:32.367204Z  INFO tailwindcss_oxide::scanner: Reading "/Users/joseantunes/Desktop/blockchainvisualiser/next.config.ts"
2025-06-22T09:54:32.367825Z  INFO tailwindcss_oxide::scanner: Reading "/Users/joseantunes/Desktop/blockchainvisualiser/src/app/ethereum/page.tsx"
2025-06-22T09:54:32.370804Z  INFO extract_candidates:read_all_files: tailwindcss_oxide::scanner: exit
2025-06-22T09:54:32.370841Z  INFO extract_candidates:parse_all_blobs: tailwindcss_oxide::scanner: enter
2025-06-22T09:54:32.370853Z  INFO extract_candidates:parse_all_blobs:extract: tailwindcss_oxide::scanner: enter
2025-06-22T09:54:32.371550Z  INFO extract_candidates:parse_all_blobs:extract: tailwindcss_oxide::scanner: exit
2025-06-22T09:54:32.371586Z  INFO extract_candidates:parse_all_blobs: tailwindcss_oxide::scanner: exit
2025-06-22T09:54:32.371599Z  INFO extract_candidates:read_all_files: tailwindcss_oxide::scanner: enter
2025-06-22T09:54:32.371609Z  INFO extract_candidates:read_all_files: tailwindcss_oxide::scanner: Reading 1 file(s)
2025-06-22T09:54:32.372087Z  INFO extract_candidates:read_all_files: tailwindcss_oxide::scanner: Reading "/Users/joseantunes/Desktop/blockchainvisualiser/src/app/globals.css"
2025-06-22T09:54:32.372122Z  INFO extract_candidates:read_all_files: tailwindcss_oxide::scanner: exit
2025-06-22T09:54:32.372141Z  INFO extract_candidates:extract_css_variables: tailwindcss_oxide::scanner: enter
2025-06-22T09:54:32.372152Z  INFO extract_candidates:extract_css_variables:extract: tailwindcss_oxide::scanner: enter
2025-06-22T09:54:32.372764Z  INFO extract_candidates:extract_css_variables:extract: tailwindcss_oxide::scanner: exit
2025-06-22T09:54:32.372795Z  INFO extract_candidates:extract_css_variables: tailwindcss_oxide::scanner: exit
2025-06-22T09:54:32.373174Z  INFO extract_candidates: tailwindcss_oxide::scanner: exit
2025-06-22T09:54:32.373431Z  INFO get_files: tailwindcss_oxide::scanner: enter
2025-06-22T09:54:32.373453Z  INFO get_files:scan_sources: tailwindcss_oxide::scanner: enter
2025-06-22T09:54:32.374407Z  INFO get_files:scan_sources: tailwindcss_oxide::scanner: Discovering "/Users/joseantunes/Desktop/blockchainvisualiser/components"
2025-06-22T09:54:32.374530Z  INFO get_files:scan_sources: tailwindcss_oxide::scanner: Discovering "/Users/joseantunes/Desktop/blockchainvisualiser/public"
2025-06-22T09:54:32.374848Z  INFO get_files:scan_sources: tailwindcss_oxide::scanner: Discovering "/Users/joseantunes/Desktop/blockchainvisualiser/src"
2025-06-22T09:54:32.374932Z  INFO get_files:scan_sources: tailwindcss_oxide::scanner: Discovering "/Users/joseantunes/Desktop/blockchainvisualiser/src/app"
2025-06-22T09:54:32.375002Z  INFO get_files:scan_sources: tailwindcss_oxide::scanner: Discovering "/Users/joseantunes/Desktop/blockchainvisualiser/src/app/bitcoin"
2025-06-22T09:54:32.375132Z  INFO get_files:scan_sources: tailwindcss_oxide::scanner: Discovering "/Users/joseantunes/Desktop/blockchainvisualiser/src/app/impact"
2025-06-22T09:54:32.375218Z  INFO get_files:scan_sources: tailwindcss_oxide::scanner: Discovering "/Users/joseantunes/Desktop/blockchainvisualiser/src/app/ethereum"
2025-06-22T09:54:32.375309Z  INFO get_files:scan_sources: tailwindcss_oxide::scanner: exit
2025-06-22T09:54:32.375353Z  INFO get_files: tailwindcss_oxide::scanner: exit
2025-06-22T09:54:32.375463Z  INFO get_globs: tailwindcss_oxide::scanner: enter
2025-06-22T09:54:32.375478Z  INFO get_globs:scan_sources: tailwindcss_oxide::scanner: enter
2025-06-22T09:54:32.376347Z  INFO get_globs:scan_sources: tailwindcss_oxide::scanner: Discovering "/Users/joseantunes/Desktop/blockchainvisualiser/components"
2025-06-22T09:54:32.376461Z  INFO get_globs:scan_sources: tailwindcss_oxide::scanner: Discovering "/Users/joseantunes/Desktop/blockchainvisualiser/public"
2025-06-22T09:54:32.376740Z  INFO get_globs:scan_sources: tailwindcss_oxide::scanner: Discovering "/Users/joseantunes/Desktop/blockchainvisualiser/src"
2025-06-22T09:54:32.376815Z  INFO get_globs:scan_sources: tailwindcss_oxide::scanner: Discovering "/Users/joseantunes/Desktop/blockchainvisualiser/src/app"
2025-06-22T09:54:32.376885Z  INFO get_globs:scan_sources: tailwindcss_oxide::scanner: Discovering "/Users/joseantunes/Desktop/blockchainvisualiser/src/app/bitcoin"
2025-06-22T09:54:32.377023Z  INFO get_globs:scan_sources: tailwindcss_oxide::scanner: Discovering "/Users/joseantunes/Desktop/blockchainvisualiser/src/app/impact"
2025-06-22T09:54:32.377110Z  INFO get_globs:scan_sources: tailwindcss_oxide::scanner: Discovering "/Users/joseantunes/Desktop/blockchainvisualiser/src/app/ethereum"
2025-06-22T09:54:32.377202Z  INFO get_globs:scan_sources: tailwindcss_oxide::scanner: exit
2025-06-22T09:54:32.379388Z  INFO get_globs: tailwindcss_oxide::scanner: exit
